<?xml version="1.0" encoding="UTF-8"?>
<!-- Generated by org.testng.reporters.JUnitXMLReporter -->
<testsuite hostname="DESKTOP-3O81M63" ignored="0" name="LoginSuite" tests="1" failures="1" timestamp="19 May 2020 18:56:55 GMT" time="13.381" errors="0">
  <testcase name="loginTest" time="6.59" classname="com.eBanking.testCases.TC_Login_001">
    <failure type="java.lang.AssertionError" message="expected [true] but found [false]">
      <![CDATA[java.lang.AssertionError: expected [true] but found [false]
at com.eBanking.testCases.TC_Login_001.loginTest(TC_Login_001.java:32)
... Removed 33 stack frames]]>
    </failure>
  </testcase> <!-- loginTest -->
</testsuite> <!-- LoginSuite -->
