-------------------------------------------------------------------------------
Test set: TestSuite
-------------------------------------------------------------------------------
Tests run: 1, Failures: 1, Errors: 0, Skipped: 0, Time elapsed: 13.978 s <<< FAILURE! - in TestSuite
com.eBanking.testCases.TC_Login_001.loginTest  Time elapsed: 6.598 s  <<< FAILURE!
java.lang.AssertionError: expected [true] but found [false]
	at com.eBanking.testCases.TC_Login_001.loginTest(TC_Login_001.java:32)

